#
# There is insufficient memory for the Java Runtime Environment to continue.
# Native memory allocation (mmap) failed to map 65536 bytes for Failed to commit metaspace.
# Possible reasons:
#   The system is out of physical RAM or swap space
#   The process is running with CompressedOops enabled, and the Java Heap may be blocking the growth of the native heap
# Possible solutions:
#   Reduce memory load on the system
#   Increase physical memory or swap space
#   Check if swap backing store is full
#   Decrease Java heap size (-Xmx/-Xms)
#   Decrease number of Java threads
#   Decrease Java thread stack sizes (-Xss)
#   Set larger code cache with -XX:ReservedCodeCacheSize=
#   JVM is running with Unscaled Compressed Oops mode in which the Java heap is
#     placed in the first 4GB address space. The Java Heap base address is the
#     maximum limit for the native heap growth. Please use -XX:HeapBaseMinAddress
#     to set the Java Heap base and to place the Java Heap above 4GB virtual address.
# This output file may be truncated or incomplete.
#
#  Out of Memory Error (virtualSpaceNode.cpp:110), pid=14440, tid=6776
#
# JRE version: OpenJDK Runtime Environment Corretto-17.0.3.6.1 (17.0.3+6) (build 17.0.3+6-LTS)
# Java VM: OpenJDK 64-Bit Server VM Corretto-17.0.3.6.1 (17.0.3+6-LTS, mixed mode, sharing, tiered, compressed oops, compressed class ptrs, g1 gc, windows-amd64)
# No core dump will be written. Minidumps are not enabled by default on client versions of Windows
#

---------------  S U M M A R Y ------------

Command Line: -javaagent:C:\Users\aagureeva\AppData\Local\JetBrains\Toolbox\apps\IDEA-C\ch-0\231.8770.65\lib\idea_rt.jar=57252:C:\Users\aagureeva\AppData\Local\JetBrains\Toolbox\apps\IDEA-C\ch-0\231.8770.65\bin -Dfile.encoding=UTF-8 --module-path=C:\Users\aagureeva\.m2\repository\com\gluonhq\attach\storage\4.0.9\storage-4.0.9.jar;C:\Users\aagureeva\.m2\repository\org\controlsfx\controlsfx\11.1.2\controlsfx-11.1.2.jar;C:\Users\aagureeva\.m2\repository\org\openjfx\javafx-base\17.0.2\javafx-base-17.0.2-win.jar;C:\Users\aagureeva\.m2\repository\com\fasterxml\jackson\core\jackson-annotations\2.12.1\jackson-annotations-2.12.1.jar;C:\Users\aagureeva\.m2\repository\com\fasterxml\jackson\core\jackson-databind\2.12.1\jackson-databind-2.12.1.jar;C:\Users\aagureeva\.m2\repository\org\jetbrains\kotlin\kotlin-stdlib\1.5.10\kotlin-stdlib-1.5.10-modular.jar;C:\Users\aagureeva\.m2\repository\org\openjfx\javafx-graphics\17.0.2\javafx-graphics-17.0.2-win.jar;C:\Users\aagureeva\.m2\repository\org\kordamp\ikonli\ikonli-javafx\12.3.1\ikonli-javafx-12.3.1.jar;C:\Users\aagureeva\.m2\repository\org\openjfx\javafx-fxml\17.0.2\javafx-fxml-17.0.2-win.jar;C:\Users\aagureeva\.m2\repository\com\github\almasb\fxgl-scene\11.17\fxgl-scene-11.17.jar;C:\Users\aagureeva\.m2\repository\com\github\almasb\fxgl-core\11.17\fxgl-core-11.17.jar;C:\Users\aagureeva\.m2\repository\com\github\almasb\fxgl-gameplay\11.17\fxgl-gameplay-11.17.jar;C:\Users\aagureeva\.m2\repository\com\gluonhq\attach\lifecycle\4.0.9\lifecycle-4.0.9.jar;C:\Users\aagureeva\.m2\repository\com\dlsc\formsfx\formsfx-core\11.5.0\formsfx-core-11.5.0.jar;C:\Users\aagureeva\.m2\repository\org\kordamp\ikonli\ikonli-core\12.3.1\ikonli-core-12.3.1.jar;C:\Users\aagureeva\.m2\repository\com\github\almasb\fxgl-io\11.17\fxgl-io-11.17.jar;C:\Users\aagureeva\.m2\repository\com\gluonhq\attach\util\4.0.9\util-4.0.9.jar;C:\Users\aagureeva\.m2\repository\org\openjfx\javafx-controls\17.0.2\javafx-controls-17.0.2-win.jar;C:\Users\aagureeva\.m2\repository\com\github\almasb\fxgl-entity\11.17\fxgl-entity-11.17.jar;C:\Users\aagureeva\.m2\repository\org\openjfx\javafx-media\17.0.2\javafx-media-17.0.2-win.jar;C:\Users\aagureeva\.m2\repository\com\gluonhq\attach\audio\4.0.9\audio-4.0.9.jar;C:\U-Djdk.module.main=com.example.cardencalendar com.example.cardencalendar/com.example.cardencalendar.StartApplication

Host: Intel(R) Core(TM) i5-7200U CPU @ 2.50GHz, 4 cores, 7G,  Windows 10 , 64 bit Build 17134 (10.0.17134.753)
Time: Mon Jul 17 23:34:26 2023 RTZ 2 (зима) elapsed time: 1.229268 seconds (0d 0h 0m 1s)

---------------  T H R E A D  ---------------

Current thread (0x000002081dbeb100):  JavaThread "JavaFX Application Thread" [_thread_in_vm, id=6776, stack(0x0000003b84600000,0x0000003b84700000)]

Stack: [0x0000003b84600000,0x0000003b84700000]
Native frames: (J=compiled Java code, j=interpreted, Vv=VM code, C=native code)
V  [jvm.dll+0x645e5a]
V  [jvm.dll+0x7f6fc4]
V  [jvm.dll+0x7f877e]
V  [jvm.dll+0x7f8dd3]
V  [jvm.dll+0x234bb8]
V  [jvm.dll+0x7f309b]
V  [jvm.dll+0x5ed5a6]
V  [jvm.dll+0x1b45ee]
V  [jvm.dll+0x5efdf4]
V  [jvm.dll+0x5edf5d]
V  [jvm.dll+0x22a7b3]
V  [jvm.dll+0x1dd34e]
V  [jvm.dll+0x1d34b9]
V  [jvm.dll+0x513100]
V  [jvm.dll+0x77505c]
V  [jvm.dll+0x775144]
V  [jvm.dll+0x3ee135]
V  [jvm.dll+0x3f3d11]
C  [java.dll+0x17ec]

Java frames: (J=compiled Java code, j=interpreted, Vv=VM code)
J 1175  java.lang.ClassLoader.defineClass1(Ljava/lang/ClassLoader;Ljava/lang/String;[BIILjava/security/ProtectionDomain;Ljava/lang/String;)Ljava/lang/Class; java.base@17.0.3 (0 bytes) @ 0x000002080f550de3 [0x000002080f550d20+0x00000000000000c3]
J 1185 c1 java.lang.ClassLoader.defineClass(Ljava/lang/String;[BIILjava/security/ProtectionDomain;)Ljava/lang/Class; java.base@17.0.3 (43 bytes) @ 0x00000208081bb154 [0x00000208081bae00+0x0000000000000354]
J 1188 c1 java.lang.ClassLoader.defineClass(Ljava/lang/String;Ljava/nio/ByteBuffer;Ljava/security/ProtectionDomain;)Ljava/lang/Class; java.base@17.0.3 (108 bytes) @ 0x00000208081bc0d4 [0x00000208081bb880+0x0000000000000854]
J 1205 c1 java.security.SecureClassLoader.defineClass(Ljava/lang/String;Ljava/nio/ByteBuffer;Ljava/security/CodeSource;)Ljava/lang/Class; java.base@17.0.3 (12 bytes) @ 0x00000208081c4efc [0x00000208081c4e40+0x00000000000000bc]
j  jdk.internal.loader.BuiltinClassLoader.defineClass(Ljava/lang/String;Ljdk/internal/loader/BuiltinClassLoader$LoadedModule;)Ljava/lang/Class;+127 java.base@17.0.3
J 906 c1 jdk.internal.loader.BuiltinClassLoader.loadClassOrNull(Ljava/lang/String;Z)Ljava/lang/Class; java.base@17.0.3 (143 bytes) @ 0x00000208081231b4 [0x0000020808122bc0+0x00000000000005f4]
J 1192 c1 jdk.internal.loader.ClassLoaders$AppClassLoader.loadClass(Ljava/lang/String;Z)Ljava/lang/Class; java.base@17.0.3 (40 bytes) @ 0x00000208081bd704 [0x00000208081bd0e0+0x0000000000000624]
J 1182 c1 java.lang.ClassLoader.loadClass(Ljava/lang/String;)Ljava/lang/Class; java.base@17.0.3 (7 bytes) @ 0x00000208081b69cc [0x00000208081b68c0+0x000000000000010c]
v  ~StubRoutines::call_stub
j  javafx.css.Stylesheet.loadBinary(Ljava/io/InputStream;Ljava/lang/String;)Ljavafx/css/Stylesheet;+82 javafx.graphics
j  javafx.css.Stylesheet.loadBinary(Ljava/net/URL;)Ljavafx/css/Stylesheet;+16 javafx.graphics
j  com.sun.javafx.css.StyleManager.loadStylesheetUnPrivileged(Ljava/lang/String;)Ljavafx/css/Stylesheet;+151 javafx.graphics
j  com.sun.javafx.css.StyleManager.loadStylesheet(Ljava/lang/String;)Ljavafx/css/Stylesheet;+1 javafx.graphics
j  com.sun.javafx.css.StyleManager._setDefaultUserAgentStylesheet(Ljava/lang/String;)Z+121 javafx.graphics
j  com.sun.javafx.css.StyleManager.setUserAgentStylesheets(Ljava/util/List;)V+267 javafx.graphics
j  com.sun.javafx.application.PlatformImpl.lambda$_setPlatformUserAgentStylesheet$20(Ljava/util/List;)Ljava/lang/Object;+4 javafx.graphics
j  com.sun.javafx.application.PlatformImpl$$Lambda$150+0x0000000800d0bc90.run()Ljava/lang/Object;+4 javafx.graphics
J 974 c1 java.security.AccessController.doPrivileged(Ljava/security/PrivilegedAction;)Ljava/lang/Object; java.base@17.0.3 (9 bytes) @ 0x00000208081438c4 [0x0000020808143760+0x0000000000000164]
j  com.sun.javafx.application.PlatformImpl._setPlatformUserAgentStylesheet(Ljava/lang/String;)V+375 javafx.graphics
j  com.sun.javafx.application.PlatformImpl.lambda$setPlatformUserAgentStylesheet$17(Ljava/lang/String;)V+1 javafx.graphics
j  com.sun.javafx.application.PlatformImpl$$Lambda$142+0x0000000800d07538.run()V+4 javafx.graphics
j  com.sun.javafx.application.PlatformImpl.lambda$runLater$10(Ljava/lang/Runnable;)Ljava/lang/Void;+1 javafx.graphics
j  com.sun.javafx.application.PlatformImpl$$Lambda$97+0x0000000800c3e130.run()Ljava/lang/Object;+4 javafx.graphics
J 975 c1 java.security.AccessController.executePrivileged(Ljava/security/PrivilegedAction;Ljava/security/AccessControlContext;Ljava/lang/Class;)Ljava/lang/Object; java.base@17.0.3 (65 bytes) @ 0x0000020808143f3c [0x0000020808143de0+0x000000000000015c]
j  java.security.AccessController.doPrivileged(Ljava/security/PrivilegedAction;Ljava/security/AccessControlContext;)Ljava/lang/Object;+13 java.base@17.0.3
j  com.sun.javafx.application.PlatformImpl.lambda$runLater$11(Ljava/lang/Runnable;Ljava/security/AccessControlContext;)V+7 javafx.graphics
j  com.sun.javafx.application.PlatformImpl$$Lambda$96+0x0000000800c3d0e0.run()V+8 javafx.graphics
j  com.sun.glass.ui.InvokeLaterDispatcher$Future.run()V+4 javafx.graphics
v  ~StubRoutines::call_stub
j  com.sun.glass.ui.win.WinApplication._runLoop(Ljava/lang/Runnable;)V+0 javafx.graphics
j  com.sun.glass.ui.win.WinApplication.lambda$runLoop$3(ILjava/lang/Runnable;)V+8 javafx.graphics
j  com.sun.glass.ui.win.WinApplication$$Lambda$85+0x0000000800c2a438.run()V+12 javafx.graphics
j  java.lang.Thread.run()V+11 java.base@17.0.3
v  ~StubRoutines::call_stub

---------------  P R O C E S S  ---------------

Threads class SMR info:
_java_thread_list=0x000002081dd07a20, length=22, elements={
0x000002087c68edf0, 0x000002087f74d690, 0x000002087f74eba0, 0x000002087f764310,
0x000002087f764ec0, 0x000002087f766ea0, 0x000002087f76d180, 0x000002087f77a330,
0x000002087f782c50, 0x000002087f7dc1d0, 0x000002081d468380, 0x000002087f7808e0,
0x000002081d9bc480, 0x000002081d67c520, 0x000002081dbacb20, 0x000002081dbf7480,
0x000002081dbeb100, 0x000002081dc39a80, 0x000002081dce4d10, 0x000002081dcfd430,
0x000002081de858f0, 0x000002081de39b60
}

Java Threads: ( => current thread )
  0x000002087c68edf0 JavaThread "main" [_thread_blocked, id=13756, stack(0x0000003b82c00000,0x0000003b82d00000)]
  0x000002087f74d690 JavaThread "Reference Handler" daemon [_thread_blocked, id=12692, stack(0x0000003b83300000,0x0000003b83400000)]
  0x000002087f74eba0 JavaThread "Finalizer" daemon [_thread_blocked, id=13424, stack(0x0000003b83400000,0x0000003b83500000)]
  0x000002087f764310 JavaThread "Signal Dispatcher" daemon [_thread_blocked, id=14424, stack(0x0000003b83500000,0x0000003b83600000)]
  0x000002087f764ec0 JavaThread "Attach Listener" daemon [_thread_blocked, id=1564, stack(0x0000003b83600000,0x0000003b83700000)]
  0x000002087f766ea0 JavaThread "Service Thread" daemon [_thread_blocked, id=11220, stack(0x0000003b83700000,0x0000003b83800000)]
  0x000002087f76d180 JavaThread "Monitor Deflation Thread" daemon [_thread_blocked, id=1068, stack(0x0000003b83800000,0x0000003b83900000)]
  0x000002087f77a330 JavaThread "C2 CompilerThread0" daemon [_thread_blocked, id=10004, stack(0x0000003b83900000,0x0000003b83a00000)]
  0x000002087f782c50 JavaThread "C1 CompilerThread0" daemon [_thread_blocked, id=11536, stack(0x0000003b83a00000,0x0000003b83b00000)]
  0x000002087f7dc1d0 JavaThread "Sweeper thread" daemon [_thread_blocked, id=1632, stack(0x0000003b83b00000,0x0000003b83c00000)]
  0x000002081d468380 JavaThread "Common-Cleaner" daemon [_thread_blocked, id=10052, stack(0x0000003b83c00000,0x0000003b83d00000)]
  0x000002087f7808e0 JavaThread "C2 CompilerThread1" daemon [_thread_blocked, id=8772, stack(0x0000003b83d00000,0x0000003b83e00000)]
  0x000002081d9bc480 JavaThread "Monitor Ctrl-Break" daemon [_thread_in_native, id=9684, stack(0x0000003b83e00000,0x0000003b83f00000)]
  0x000002081d67c520 JavaThread "Notification Thread" daemon [_thread_blocked, id=7112, stack(0x0000003b83f00000,0x0000003b84000000)]
  0x000002081dbacb20 JavaThread "QuantumRenderer-0" daemon [_thread_blocked, id=9968, stack(0x0000003b84400000,0x0000003b84500000)]
  0x000002081dbf7480 JavaThread "InvokeLaterDispatcher" daemon [_thread_blocked, id=3080, stack(0x0000003b84500000,0x0000003b84600000)]
=>0x000002081dbeb100 JavaThread "JavaFX Application Thread" [_thread_in_vm, id=6776, stack(0x0000003b84600000,0x0000003b84700000)]
  0x000002081dc39a80 JavaThread "Thread-1" daemon [_thread_in_native, id=12856, stack(0x0000003b84700000,0x0000003b84800000)]
  0x000002081dce4d10 JavaThread "JavaFX-Launcher" [_thread_in_vm, id=8268, stack(0x0000003b84800000,0x0000003b84900000)]
  0x000002081dcfd430 JavaThread "Java2D Disposer" daemon [_thread_blocked, id=10400, stack(0x0000003b84900000,0x0000003b84a00000)]
  0x000002081de858f0 JavaThread "AWT-Shutdown" [_thread_blocked, id=12336, stack(0x0000003b84a00000,0x0000003b84b00000)]
  0x000002081de39b60 JavaThread "AWT-Windows" daemon [_thread_in_native, id=13284, stack(0x0000003b84b00000,0x0000003b84c00000)]

Other Threads:
  0x000002087f747db0 VMThread "VM Thread" [stack: 0x0000003b83200000,0x0000003b83300000] [id=7560]
  0x000002087c6fccd0 WatcherThread [stack: 0x0000003b84000000,0x0000003b84100000] [id=4596]
  0x000002087c6e83b0 GCTaskThread "GC Thread#0" [stack: 0x0000003b82d00000,0x0000003b82e00000] [id=15148]
  0x000002081d64eea0 GCTaskThread "GC Thread#1" [stack: 0x0000003b84100000,0x0000003b84200000] [id=12368]
  0x000002081da44800 GCTaskThread "GC Thread#2" [stack: 0x0000003b84200000,0x0000003b84300000] [id=13692]
  0x000002081dac0b40 GCTaskThread "GC Thread#3" [stack: 0x0000003b84300000,0x0000003b84400000] [id=11688]
  0x000002087c57def0 ConcurrentGCThread "G1 Main Marker" [stack: 0x0000003b82e00000,0x0000003b82f00000] [id=10612]
  0x000002087c57ed20 ConcurrentGCThread "G1 Conc#0" [stack: 0x0000003b82f00000,0x0000003b83000000] [id=10348]
  0x000002087c74e400 ConcurrentGCThread "G1 Refine#0" [stack: 0x0000003b83000000,0x0000003b83100000] [id=15304]
  0x000002087f6004a0 ConcurrentGCThread "G1 Service" [stack: 0x0000003b83100000,0x0000003b83200000] [id=8340]

Threads with active compile tasks:

VM state: not at safepoint (normal execution)

VM Mutex/Monitor currently owned by a thread:  ([mutex/lock_event])
[0x000002087c689a80] Metaspace_lock - owner thread: 0x000002081dbeb100

Heap address: 0x0000000081800000, size: 2024 MB, Compressed Oops mode: 32-bit

CDS archive(s) mapped at: [0x0000000800000000-0x0000000800bc0000-0x0000000800bc0000), size 12320768, SharedBaseAddress: 0x0000000800000000, ArchiveRelocationMode: 0.
Compressed class space mapped at: 0x0000000800c00000-0x0000000840c00000, reserved size: 1073741824
Narrow klass base: 0x0000000800000000, Narrow klass shift: 0, Narrow klass range: 0x100000000

GC Precious Log:
 CPUs: 4 total, 4 available
 Memory: 8089M
 Large Page Support: Disabled
 NUMA Support: Disabled
 Compressed Oops: Enabled (32-bit)
 Heap Region Size: 1M
 Heap Min Capacity: 8M
 Heap Initial Capacity: 128M
 Heap Max Capacity: 2024M
 Pre-touch: Disabled
 Parallel Workers: 4
 Concurrent Workers: 1
 Concurrent Refinement Workers: 4
 Periodic GC: Disabled

Heap:
 garbage-first heap   total 131072K, used 4219K [0x0000000081800000, 0x0000000100000000)
  region size 1024K, 4 young (4096K), 3 survivors (3072K)
 Metaspace       used 9800K, committed 9984K, reserved 1064960K
  class space    used 1108K, committed 1216K, reserved 1048576K

Heap Regions: E=young(eden), S=young(survivor), O=old, HS=humongous(starts), HC=humongous(continues), CS=collection set, F=free, OA=open archive, CA=closed archive, TAMS=top-at-mark-start (previous, next)
|   0|0x0000000081800000, 0x0000000081900000, 0x0000000081900000|100%| O|  |TAMS 0x0000000081800000, 0x0000000081800000| Untracked 
|   1|0x0000000081900000, 0x00000000819cda00, 0x0000000081a00000| 80%| O|  |TAMS 0x0000000081900000, 0x0000000081900000| Untracked 
|   2|0x0000000081a00000, 0x0000000081a00000, 0x0000000081b00000|  0%| F|  |TAMS 0x0000000081a00000, 0x0000000081a00000| Untracked 
|   3|0x0000000081b00000, 0x0000000081b00000, 0x0000000081c00000|  0%| F|  |TAMS 0x0000000081b00000, 0x0000000081b00000| Untracked 
|   4|0x0000000081c00000, 0x0000000081c00000, 0x0000000081d00000|  0%| F|  |TAMS 0x0000000081c00000, 0x0000000081c00000| Untracked 
|   5|0x0000000081d00000, 0x0000000081d00000, 0x0000000081e00000|  0%| F|  |TAMS 0x0000000081d00000, 0x0000000081d00000| Untracked 
|   6|0x0000000081e00000, 0x0000000081e00000, 0x0000000081f00000|  0%| F|  |TAMS 0x0000000081e00000, 0x0000000081e00000| Untracked 
|   7|0x0000000081f00000, 0x0000000081f00000, 0x0000000082000000|  0%| F|  |TAMS 0x0000000081f00000, 0x0000000081f00000| Untracked 
|   8|0x0000000082000000, 0x0000000082000000, 0x0000000082100000|  0%| F|  |TAMS 0x0000000082000000, 0x0000000082000000| Untracked 
|   9|0x0000000082100000, 0x0000000082100000, 0x0000000082200000|  0%| F|  |TAMS 0x0000000082100000, 0x0000000082100000| Untracked 
|  10|0x0000000082200000, 0x0000000082200000, 0x0000000082300000|  0%| F|  |TAMS 0x0000000082200000, 0x0000000082200000| Untracked 
|  11|0x0000000082300000, 0x0000000082300000, 0x0000000082400000|  0%| F|  |TAMS 0x0000000082300000, 0x0000000082300000| Untracked 
|  12|0x0000000082400000, 0x0000000082400000, 0x0000000082500000|  0%| F|  |TAMS 0x0000000082400000, 0x0000000082400000| Untracked 
|  13|0x0000000082500000, 0x0000000082500000, 0x0000000082600000|  0%| F|  |TAMS 0x0000000082500000, 0x0000000082500000| Untracked 
|  14|0x0000000082600000, 0x0000000082600000, 0x0000000082700000|  0%| F|  |TAMS 0x0000000082600000, 0x0000000082600000| Untracked 
|  15|0x0000000082700000, 0x0000000082700000, 0x0000000082800000|  0%| F|  |TAMS 0x0000000082700000, 0x0000000082700000| Untracked 
|  16|0x0000000082800000, 0x0000000082800000, 0x0000000082900000|  0%| F|  |TAMS 0x0000000082800000, 0x0000000082800000| Untracked 
|  17|0x0000000082900000, 0x0000000082900000, 0x0000000082a00000|  0%| F|  |TAMS 0x0000000082900000, 0x0000000082900000| Untracked 
|  18|0x0000000082a00000, 0x0000000082a00000, 0x0000000082b00000|  0%| F|  |TAMS 0x0000000082a00000, 0x0000000082a00000| Untracked 
|  19|0x0000000082b00000, 0x0000000082b00000, 0x0000000082c00000|  0%| F|  |TAMS 0x0000000082b00000, 0x0000000082b00000| Untracked 
|  20|0x0000000082c00000, 0x0000000082c00000, 0x0000000082d00000|  0%| F|  |TAMS 0x0000000082c00000, 0x0000000082c00000| Untracked 
|  21|0x0000000082d00000, 0x0000000082d00000, 0x0000000082e00000|  0%| F|  |TAMS 0x0000000082d00000, 0x0000000082d00000| Untracked 
|  22|0x0000000082e00000, 0x0000000082e00000, 0x0000000082f00000|  0%| F|  |TAMS 0x0000000082e00000, 0x0000000082e00000| Untracked 
|  23|0x0000000082f00000, 0x0000000082f00000, 0x0000000083000000|  0%| F|  |TAMS 0x0000000082f00000, 0x0000000082f00000| Untracked 
|  24|0x0000000083000000, 0x0000000083000000, 0x0000000083100000|  0%| F|  |TAMS 0x0000000083000000, 0x0000000083000000| Untracked 
|  25|0x0000000083100000, 0x0000000083100000, 0x0000000083200000|  0%| F|  |TAMS 0x0000000083100000, 0x0000000083100000| Untracked 
|  26|0x0000000083200000, 0x0000000083200000, 0x0000000083300000|  0%| F|  |TAMS 0x0000000083200000, 0x0000000083200000| Untracked 
|  27|0x0000000083300000, 0x0000000083300000, 0x0000000083400000|  0%| F|  |TAMS 0x0000000083300000, 0x0000000083300000| Untracked 
|  28|0x0000000083400000, 0x0000000083400000, 0x0000000083500000|  0%| F|  |TAMS 0x0000000083400000, 0x0000000083400000| Untracked 
|  29|0x0000000083500000, 0x0000000083500000, 0x0000000083600000|  0%| F|  |TAMS 0x0000000083500000, 0x0000000083500000| Untracked 
|  30|0x0000000083600000, 0x0000000083600000, 0x0000000083700000|  0%| F|  |TAMS 0x0000000083600000, 0x0000000083600000| Untracked 
|  31|0x0000000083700000, 0x0000000083700000, 0x0000000083800000|  0%| F|  |TAMS 0x0000000083700000, 0x0000000083700000| Untracked 
|  32|0x0000000083800000, 0x0000000083800000, 0x0000000083900000|  0%| F|  |TAMS 0x0000000083800000, 0x0000000083800000| Untracked 
|  33|0x0000000083900000, 0x0000000083900000, 0x0000000083a00000|  0%| F|  |TAMS 0x0000000083900000, 0x0000000083900000| Untracked 
|  34|0x0000000083a00000, 0x0000000083a00000, 0x0000000083b00000|  0%| F|  |TAMS 0x0000000083a00000, 0x0000000083a00000| Untracked 
|  35|0x0000000083b00000, 0x0000000083b00000, 0x0000000083c00000|  0%| F|  |TAMS 0x0000000083b00000, 0x0000000083b00000| Untracked 
|  36|0x0000000083c00000, 0x0000000083c00000, 0x0000000083d00000|  0%| F|  |TAMS 0x0000000083c00000, 0x0000000083c00000| Untracked 
|  37|0x0000000083d00000, 0x0000000083d00000, 0x0000000083e00000|  0%| F|  |TAMS 0x0000000083d00000, 0x0000000083d00000| Untracked 
|  38|0x0000000083e00000, 0x0000000083e00000, 0x0000000083f00000|  0%| F|  |TAMS 0x0000000083e00000, 0x0000000083e00000| Untracked 
|  39|0x0000000083f00000, 0x0000000083f00000, 0x0000000084000000|  0%| F|  |TAMS 0x0000000083f00000, 0x0000000083f00000| Untracked 
|  40|0x0000000084000000, 0x0000000084000000, 0x0000000084100000|  0%| F|  |TAMS 0x0000000084000000, 0x0000000084000000| Untracked 
|  41|0x0000000084100000, 0x0000000084100000, 0x0000000084200000|  0%| F|  |TAMS 0x0000000084100000, 0x0000000084100000| Untracked 
|  42|0x0000000084200000, 0x0000000084200000, 0x0000000084300000|  0%| F|  |TAMS 0x0000000084200000, 0x0000000084200000| Untracked 
|  43|0x0000000084300000, 0x0000000084300000, 0x0000000084400000|  0%| F|  |TAMS 0x0000000084300000, 0x0000000084300000| Untracked 
|  44|0x0000000084400000, 0x0000000084400000, 0x0000000084500000|  0%| F|  |TAMS 0x0000000084400000, 0x0000000084400000| Untracked 
|  45|0x0000000084500000, 0x0000000084500000, 0x0000000084600000|  0%| F|  |TAMS 0x0000000084500000, 0x0000000084500000| Untracked 
|  46|0x0000000084600000, 0x0000000084600000, 0x0000000084700000|  0%| F|  |TAMS 0x0000000084600000, 0x0000000084600000| Untracked 
|  47|0x0000000084700000, 0x0000000084700000, 0x0000000084800000|  0%| F|  |TAMS 0x0000000084700000, 0x0000000084700000| Untracked 
|  48|0x0000000084800000, 0x0000000084800000, 0x0000000084900000|  0%| F|  |TAMS 0x0000000084800000, 0x0000000084800000| Untracked 
|  49|0x0000000084900000, 0x0000000084900000, 0x0000000084a00000|  0%| F|  |TAMS 0x0000000084900000, 0x0000000084900000| Untracked 
|  50|0x0000000084a00000, 0x0000000084a00000, 0x0000000084b00000|  0%| F|  |TAMS 0x0000000084a00000, 0x0000000084a00000| Untracked 
|  51|0x0000000084b00000, 0x0000000084b00000, 0x0000000084c00000|  0%| F|  |TAMS 0x0000000084b00000, 0x0000000084b00000| Untracked 
|  52|0x0000000084c00000, 0x0000000084c00000, 0x0000000084d00000|  0%| F|  |TAMS 0x0000000084c00000, 0x0000000084c00000| Untracked 
|  53|0x0000000084d00000, 0x0000000084d00000, 0x0000000084e00000|  0%| F|  |TAMS 0x0000000084d00000, 0x0000000084d00000| Untracked 
|  54|0x0000000084e00000, 0x0000000084e00000, 0x0000000084f00000|  0%| F|  |TAMS 0x0000000084e00000, 0x0000000084e00000| Untracked 
|  55|0x0000000084f00000, 0x0000000084f00000, 0x0000000085000000|  0%| F|  |TAMS 0x0000000084f00000, 0x0000000084f00000| Untracked 
|  56|0x0000000085000000, 0x0000000085000000, 0x0000000085100000|  0%| F|  |TAMS 0x0000000085000000, 0x0000000085000000| Untracked 
|  57|0x0000000085100000, 0x0000000085100000, 0x0000000085200000|  0%| F|  |TAMS 0x0000000085100000, 0x0000000085100000| Untracked 
|  58|0x0000000085200000, 0x0000000085200000, 0x0000000085300000|  0%| F|  |TAMS 0x0000000085200000, 0x0000000085200000| Untracked 
|  59|0x0000000085300000, 0x0000000085300000, 0x0000000085400000|  0%| F|  |TAMS 0x0000000085300000, 0x0000000085300000| Untracked 
|  60|0x0000000085400000, 0x0000000085400000, 0x0000000085500000|  0%| F|  |TAMS 0x0000000085400000, 0x0000000085400000| Untracked 
|  61|0x0000000085500000, 0x0000000085500000, 0x0000000085600000|  0%| F|  |TAMS 0x0000000085500000, 0x0000000085500000| Untracked 
|  62|0x0000000085600000, 0x0000000085600000, 0x0000000085700000|  0%| F|  |TAMS 0x0000000085600000, 0x0000000085600000| Untracked 
|  63|0x0000000085700000, 0x0000000085700000, 0x0000000085800000|  0%| F|  |TAMS 0x0000000085700000, 0x0000000085700000| Untracked 
|  64|0x0000000085800000, 0x0000000085800000, 0x0000000085900000|  0%| F|  |TAMS 0x0000000085800000, 0x0000000085800000| Untracked 
|  65|0x0000000085900000, 0x0000000085900000, 0x0000000085a00000|  0%| F|  |TAMS 0x0000000085900000, 0x0000000085900000| Untracked 
|  66|0x0000000085a00000, 0x0000000085a00000, 0x0000000085b00000|  0%| F|  |TAMS 0x0000000085a00000, 0x0000000085a00000| Untracked 
|  67|0x0000000085b00000, 0x0000000085b00000, 0x0000000085c00000|  0%| F|  |TAMS 0x0000000085b00000, 0x0000000085b00000| Untracked 
|  68|0x0000000085c00000, 0x0000000085c00000, 0x0000000085d00000|  0%| F|  |TAMS 0x0000000085c00000, 0x0000000085c00000| Untracked 
|  69|0x0000000085d00000, 0x0000000085d00000, 0x0000000085e00000|  0%| F|  |TAMS 0x0000000085d00000, 0x0000000085d00000| Untracked 
|  70|0x0000000085e00000, 0x0000000085e00000, 0x0000000085f00000|  0%| F|  |TAMS 0x0000000085e00000, 0x0000000085e00000| Untracked 
|  71|0x0000000085f00000, 0x0000000085f00000, 0x0000000086000000|  0%| F|  |TAMS 0x0000000085f00000, 0x0000000085f00000| Untracked 
|  72|0x0000000086000000, 0x0000000086000000, 0x0000000086100000|  0%| F|  |TAMS 0x0000000086000000, 0x0000000086000000| Untracked 
|  73|0x0000000086100000, 0x0000000086100000, 0x0000000086200000|  0%| F|  |TAMS 0x0000000086100000, 0x0000000086100000| Untracked 
|  74|0x0000000086200000, 0x0000000086200000, 0x0000000086300000|  0%| F|  |TAMS 0x0000000086200000, 0x0000000086200000| Untracked 
|  75|0x0000000086300000, 0x0000000086300000, 0x0000000086400000|  0%| F|  |TAMS 0x0000000086300000, 0x0000000086300000| Untracked 
|  76|0x0000000086400000, 0x0000000086400000, 0x0000000086500000|  0%| F|  |TAMS 0x0000000086400000, 0x0000000086400000| Untracked 
|  77|0x0000000086500000, 0x0000000086500000, 0x0000000086600000|  0%| F|  |TAMS 0x0000000086500000, 0x0000000086500000| Untracked 
|  78|0x0000000086600000, 0x0000000086600000, 0x0000000086700000|  0%| F|  |TAMS 0x0000000086600000, 0x0000000086600000| Untracked 
|  79|0x0000000086700000, 0x0000000086700000, 0x0000000086800000|  0%| F|  |TAMS 0x0000000086700000, 0x0000000086700000| Untracked 
|  80|0x0000000086800000, 0x0000000086800000, 0x0000000086900000|  0%| F|  |TAMS 0x0000000086800000, 0x0000000086800000| Untracked 
|  81|0x0000000086900000, 0x0000000086900000, 0x0000000086a00000|  0%| F|  |TAMS 0x0000000086900000, 0x0000000086900000| Untracked 
|  82|0x0000000086a00000, 0x0000000086a00000, 0x0000000086b00000|  0%| F|  |TAMS 0x0000000086a00000, 0x0000000086a00000| Untracked 
|  83|0x0000000086b00000, 0x0000000086b00000, 0x0000000086c00000|  0%| F|  |TAMS 0x0000000086b00000, 0x0000000086b00000| Untracked 
|  84|0x0000000086c00000, 0x0000000086c00000, 0x0000000086d00000|  0%| F|  |TAMS 0x0000000086c00000, 0x0000000086c00000| Untracked 
|  85|0x0000000086d00000, 0x0000000086d00000, 0x0000000086e00000|  0%| F|  |TAMS 0x0000000086d00000, 0x0000000086d00000| Untracked 
|  86|0x0000000086e00000, 0x0000000086e00000, 0x0000000086f00000|  0%| F|  |TAMS 0x0000000086e00000, 0x0000000086e00000| Untracked 
|  87|0x0000000086f00000, 0x0000000086f00000, 0x0000000087000000|  0%| F|  |TAMS 0x0000000086f00000, 0x0000000086f00000| Untracked 
|  88|0x0000000087000000, 0x0000000087000000, 0x0000000087100000|  0%| F|  |TAMS 0x0000000087000000, 0x0000000087000000| Untracked 
|  89|0x0000000087100000, 0x0000000087100000, 0x0000000087200000|  0%| F|  |TAMS 0x0000000087100000, 0x0000000087100000| Untracked 
|  90|0x0000000087200000, 0x0000000087200000, 0x0000000087300000|  0%| F|  |TAMS 0x0000000087200000, 0x0000000087200000| Untracked 
|  91|0x0000000087300000, 0x0000000087300000, 0x0000000087400000|  0%| F|  |TAMS 0x0000000087300000, 0x0000000087300000| Untracked 
|  92|0x0000000087400000, 0x0000000087400000, 0x0000000087500000|  0%| F|  |TAMS 0x0000000087400000, 0x0000000087400000| Untracked 
|  93|0x0000000087500000, 0x0000000087500000, 0x0000000087600000|  0%| F|  |TAMS 0x0000000087500000, 0x0000000087500000| Untracked 
|  94|0x0000000087600000, 0x0000000087600000, 0x0000000087700000|  0%| F|  |TAMS 0x0000000087600000, 0x0000000087600000| Untracked 
|  95|0x0000000087700000, 0x0000000087700000, 0x0000000087800000|  0%| F|  |TAMS 0x0000000087700000, 0x0000000087700000| Untracked 
|  96|0x0000000087800000, 0x0000000087800000, 0x0000000087900000|  0%| F|  |TAMS 0x0000000087800000, 0x0000000087800000| Untracked 
|  97|0x0000000087900000, 0x0000000087900000, 0x0000000087a00000|  0%| F|  |TAMS 0x0000000087900000, 0x0000000087900000| Untracked 
|  98|0x0000000087a00000, 0x0000000087a00000, 0x0000000087b00000|  0%| F|  |TAMS 0x0000000087a00000, 0x0000000087a00000| Untracked 
|  99|0x0000000087b00000, 0x0000000087b00000, 0x0000000087c00000|  0%| F|  |TAMS 0x0000000087b00000, 0x0000000087b00000| Untracked 
| 100|0x0000000087c00000, 0x0000000087c00000, 0x0000000087d00000|  0%| F|  |TAMS 0x0000000087c00000, 0x0000000087c00000| Untracked 
| 101|0x0000000087d00000, 0x0000000087d00000, 0x0000000087e00000|  0%| F|  |TAMS 0x0000000087d00000, 0x0000000087d00000| Untracked 
| 102|0x0000000087e00000, 0x0000000087e00000, 0x0000000087f00000|  0%| F|  |TAMS 0x0000000087e00000, 0x0000000087e00000| Untracked 
| 103|0x0000000087f00000, 0x0000000087f00000, 0x0000000088000000|  0%| F|  |TAMS 0x0000000087f00000, 0x0000000087f00000| Untracked 
| 104|0x0000000088000000, 0x0000000088000000, 0x0000000088100000|  0%| F|  |TAMS 0x0000000088000000, 0x0000000088000000| Untracked 
| 105|0x0000000088100000, 0x0000000088100000, 0x0000000088200000|  0%| F|  |TAMS 0x0000000088100000, 0x0000000088100000| Untracked 
| 106|0x0000000088200000, 0x0000000088251298, 0x0000000088300000| 31%| S|CS|TAMS 0x0000000088200000, 0x0000000088200000| Complete 
| 107|0x0000000088300000, 0x0000000088400000, 0x0000000088400000|100%| S|CS|TAMS 0x0000000088300000, 0x0000000088300000| Complete 
| 108|0x0000000088400000, 0x0000000088500000, 0x0000000088500000|100%| S|CS|TAMS 0x0000000088400000, 0x0000000088400000| Complete 
| 109|0x0000000088500000, 0x0000000088500000, 0x0000000088600000|  0%| F|  |TAMS 0x0000000088500000, 0x0000000088500000| Untracked 
| 110|0x0000000088600000, 0x0000000088600000, 0x0000000088700000|  0%| F|  |TAMS 0x0000000088600000, 0x0000000088600000| Untracked 
| 111|0x0000000088700000, 0x0000000088700000, 0x0000000088800000|  0%| F|  |TAMS 0x0000000088700000, 0x0000000088700000| Untracked 
| 112|0x0000000088800000, 0x0000000088800000, 0x0000000088900000|  0%| F|  |TAMS 0x0000000088800000, 0x0000000088800000| Untracked 
| 113|0x0000000088900000, 0x0000000088900000, 0x0000000088a00000|  0%| F|  |TAMS 0x0000000088900000, 0x0000000088900000| Untracked 
| 114|0x0000000088a00000, 0x0000000088a00000, 0x0000000088b00000|  0%| F|  |TAMS 0x0000000088a00000, 0x0000000088a00000| Untracked 
| 115|0x0000000088b00000, 0x0000000088b00000, 0x0000000088c00000|  0%| F|  |TAMS 0x0000000088b00000, 0x0000000088b00000| Untracked 
| 116|0x0000000088c00000, 0x0000000088c00000, 0x0000000088d00000|  0%| F|  |TAMS 0x0000000088c00000, 0x0000000088c00000| Untracked 
| 117|0x0000000088d00000, 0x0000000088d00000, 0x0000000088e00000|  0%| F|  |TAMS 0x0000000088d00000, 0x0000000088d00000| Untracked 
| 118|0x0000000088e00000, 0x0000000088e00000, 0x0000000088f00000|  0%| F|  |TAMS 0x0000000088e00000, 0x0000000088e00000| Untracked 
| 119|0x0000000088f00000, 0x0000000088f00000, 0x0000000089000000|  0%| F|  |TAMS 0x0000000088f00000, 0x0000000088f00000| Untracked 
| 120|0x0000000089000000, 0x0000000089000000, 0x0000000089100000|  0%| F|  |TAMS 0x0000000089000000, 0x0000000089000000| Untracked 
| 121|0x0000000089100000, 0x0000000089100000, 0x0000000089200000|  0%| F|  |TAMS 0x0000000089100000, 0x0000000089100000| Untracked 
| 122|0x0000000089200000, 0x0000000089200000, 0x0000000089300000|  0%| F|  |TAMS 0x0000000089200000, 0x0000000089200000| Untracked 
| 123|0x0000000089300000, 0x0000000089300000, 0x0000000089400000|  0%| F|  |TAMS 0x0000000089300000, 0x0000000089300000| Untracked 
| 124|0x0000000089400000, 0x0000000089400000, 0x0000000089500000|  0%| F|  |TAMS 0x0000000089400000, 0x0000000089400000| Untracked 
| 125|0x0000000089500000, 0x0000000089500000, 0x0000000089600000|  0%| F|  |TAMS 0x0000000089500000, 0x0000000089500000| Untracked 
| 126|0x0000000089600000, 0x0000000089600000, 0x0000000089700000|  0%| F|  |TAMS 0x0000000089600000, 0x0000000089600000| Untracked 
| 127|0x0000000089700000, 0x0000000089800000, 0x0000000089800000|100%| E|  |TAMS 0x0000000089700000, 0x0000000089700000| Complete 

Card table byte_map: [0x000002087e950000,0x000002087ed50000] _byte_map_base: 0x000002087e544000

Marking Bits (Prev, Next): (CMBitMap*) 0x000002087c6e89c0, (CMBitMap*) 0x000002087c6e8a00
 Prev Bits: [0x0000020816a20000, 0x00000208189c0000)
 Next Bits: [0x00000208189c0000, 0x000002081a960000)

Polling page: 0x000002087c450000

Metaspace:

Usage:
  Non-class:      8.49 MB used.
      Class:      1.08 MB used.
       Both:      9.57 MB used.

Virtual space:
  Non-class space:       16.00 MB reserved,       8.56 MB ( 54%) committed,  2 nodes.
      Class space:        1.00 GB reserved,       1.19 MB ( <1%) committed,  1 nodes.
             Both:        1.02 GB reserved,       9.75 MB ( <1%) committed. 

Chunk freelists:
   Non-Class:  3.30 MB
       Class:  2.80 MB
        Both:  6.09 MB

MaxMetaspaceSize: unlimited
CompressedClassSpaceSize: 1.00 GB
Initial GC threshold: 21.00 MB
Current GC threshold: 21.00 MB
CDS: on
MetaspaceReclaimPolicy: balanced
 - commit_granule_bytes: 65536.
 - commit_granule_words: 8192.
 - virtual_space_node_default_size: 1048576.
 - enlarge_chunks_in_place: 1.
 - new_chunks_are_fully_committed: 0.
 - uncommit_free_chunks: 1.
 - use_allocation_guard: 0.
 - handle_deallocations: 1.


Internal statistics:

num_allocs_failed_limit: 0.
num_arena_births: 104.
num_arena_deaths: 0.
num_vsnodes_births: 3.
num_vsnodes_deaths: 0.
num_space_committed: 156.
num_space_uncommitted: 0.
num_chunks_returned_to_freelist: 0.
num_chunks_taken_from_freelist: 281.
num_chunk_merges: 0.
num_chunk_splits: 191.
num_chunks_enlarged: 153.
num_purges: 0.
num_inconsistent_stats: 0.

CodeHeap 'non-profiled nmethods': size=120000Kb used=404Kb max_used=404Kb free=119595Kb
 bounds [0x000002080f4f0000, 0x000002080f760000, 0x0000020816a20000]
CodeHeap 'profiled nmethods': size=120000Kb used=2141Kb max_used=2141Kb free=117858Kb
 bounds [0x0000020807fc0000, 0x0000020808230000, 0x000002080f4f0000]
CodeHeap 'non-nmethods': size=5760Kb used=1252Kb max_used=1266Kb free=4508Kb
 bounds [0x0000020807a20000, 0x0000020807c90000, 0x0000020807fc0000]
 total_blobs=1813 nmethods=1241 adapters=485
 compilation: enabled
              stopped_count=0, restarted_count=0
 full_count=0

Compilation events (20 events):
Event: 1.211 Thread 0x000002087f782c50 1229       3       java.lang.invoke.LambdaFormEditor$TransformKey::inRange (36 bytes)
Event: 1.211 Thread 0x000002087f782c50 nmethod 1229 0x00000208081d3410 code [0x00000208081d35a0, 0x00000208081d36f8]
Event: 1.214 Thread 0x000002087f782c50 1230       3       java.security.SecureClassLoader::getProtectionDomain (38 bytes)
Event: 1.214 Thread 0x000002087f782c50 nmethod 1230 0x00000208081d3790 code [0x00000208081d3980, 0x00000208081d4008]
Event: 1.217 Thread 0x000002087f782c50 1231       3       java.lang.invoke.MemberName::hashCode (43 bytes)
Event: 1.218 Thread 0x000002087f782c50 nmethod 1231 0x00000208081d4210 code [0x00000208081d4460, 0x00000208081d51a8]
Event: 1.218 Thread 0x000002087f782c50 1233       3       java.lang.invoke.MethodType::changeReturnType (20 bytes)
Event: 1.218 Thread 0x000002087f782c50 nmethod 1233 0x00000208081d5510 code [0x00000208081d56c0, 0x00000208081d5888]
Event: 1.218 Thread 0x000002087f782c50 1232       3       java.lang.Byte::<init> (10 bytes)
Event: 1.218 Thread 0x000002087f782c50 nmethod 1232 0x00000208081d5910 code [0x00000208081d5ac0, 0x00000208081d5c98]
Event: 1.224 Thread 0x000002087f782c50 1235       3       java.lang.ref.Reference::enqueueFromPending (19 bytes)
Event: 1.224 Thread 0x000002087f782c50 nmethod 1235 0x00000208081d5d90 code [0x00000208081d5f40, 0x00000208081d6168]
Event: 1.224 Thread 0x000002087f782c50 1236   !   3       java.lang.ref.ReferenceQueue::enqueue (119 bytes)
Event: 1.225 Thread 0x000002087f7808e0 1239       4       java.util.zip.ZipUtils::CENCRC (9 bytes)
Event: 1.225 Thread 0x000002087f77a330 1240       4       java.util.zip.ZipUtils::CENATX_PERMS (9 bytes)
Event: 1.225 Thread 0x000002087f782c50 nmethod 1236 0x00000208081d6210 code [0x00000208081d6400, 0x00000208081d6ac8]
Event: 1.225 Thread 0x000002087f782c50 1238       3       java.lang.ref.ReferenceQueue::reallyPoll (65 bytes)
Event: 1.225 Thread 0x000002087f782c50 nmethod 1238 0x00000208081d6c90 code [0x00000208081d6e60, 0x00000208081d7398]
Event: 1.226 Thread 0x000002087f77a330 nmethod 1240 0x000002080f554910 code [0x000002080f554a80, 0x000002080f554b38]
Event: 1.226 Thread 0x000002087f77a330 1241       4       java.util.zip.ZipUtils::CENCOM (9 bytes)

GC Heap History (4 events):
Event: 0.566 GC heap before
{Heap before GC invocations=0 (full 0):
 garbage-first heap   total 131072K, used 12288K [0x0000000081800000, 0x0000000100000000)
  region size 1024K, 13 young (13312K), 0 survivors (0K)
 Metaspace       used 2357K, committed 2496K, reserved 1056768K
  class space    used 248K, committed 320K, reserved 1048576K
}
Event: 0.573 GC heap after
{Heap after GC invocations=1 (full 0):
 garbage-first heap   total 131072K, used 1878K [0x0000000081800000, 0x0000000100000000)
  region size 1024K, 2 young (2048K), 2 survivors (2048K)
 Metaspace       used 2357K, committed 2496K, reserved 1056768K
  class space    used 248K, committed 320K, reserved 1048576K
}
Event: 1.219 GC heap before
{Heap before GC invocations=1 (full 0):
 garbage-first heap   total 131072K, used 19286K [0x0000000081800000, 0x0000000100000000)
  region size 1024K, 19 young (19456K), 2 survivors (2048K)
 Metaspace       used 9769K, committed 9984K, reserved 1064960K
  class space    used 1104K, committed 1216K, reserved 1048576K
}
Event: 1.224 GC heap after
{Heap after GC invocations=2 (full 0):
 garbage-first heap   total 131072K, used 4219K [0x0000000081800000, 0x0000000100000000)
  region size 1024K, 3 young (3072K), 3 survivors (3072K)
 Metaspace       used 9769K, committed 9984K, reserved 1064960K
  class space    used 1104K, committed 1216K, reserved 1048576K
}

Deoptimization events (20 events):
Event: 1.031 Thread 0x000002087f764ec0 DEOPT PACKING pc=0x000002080f4fcaac sp=0x0000003b836fe7a0
Event: 1.031 Thread 0x000002087f764ec0 DEOPT UNPACKING pc=0x0000020807a723a3 sp=0x0000003b836fe6f8 mode 2
Event: 1.102 Thread 0x000002081dce4d10 Uncommon trap: trap_request=0xffffff45 fr.pc=0x000002080f54d5fc relative=0x000000000000007c
Event: 1.102 Thread 0x000002081dce4d10 Uncommon trap: reason=unstable_if action=reinterpret pc=0x000002080f54d5fc method=com.sun.org.apache.xerces.internal.impl.XMLEntityScanner.checkBeforeLoad(Lcom/sun/xml/internal/stream/Entity$ScannedEntity;II)I @ 18 c2
Event: 1.102 Thread 0x000002081dce4d10 DEOPT PACKING pc=0x000002080f54d5fc sp=0x0000003b848fe8b0
Event: 1.102 Thread 0x000002081dce4d10 DEOPT UNPACKING pc=0x0000020807a723a3 sp=0x0000003b848fe820 mode 2
Event: 1.173 Thread 0x000002081dbeb100 Uncommon trap: trap_request=0xffffff45 fr.pc=0x000002080f4fffb8 relative=0x0000000000000038
Event: 1.173 Thread 0x000002081dbeb100 Uncommon trap: reason=unstable_if action=reinterpret pc=0x000002080f4fffb8 method=java.lang.StringLatin1.canEncode(I)Z @ 4 c2
Event: 1.173 Thread 0x000002081dbeb100 DEOPT PACKING pc=0x000002080f4fffb8 sp=0x0000003b846fcbc0
Event: 1.173 Thread 0x000002081dbeb100 DEOPT UNPACKING pc=0x0000020807a723a3 sp=0x0000003b846fcb50 mode 2
Event: 1.224 Thread 0x000002081dce4d10 DEOPT PACKING pc=0x0000020808118d6c sp=0x0000003b848fdf30
Event: 1.224 Thread 0x000002081dce4d10 DEOPT UNPACKING pc=0x0000020807a72b43 sp=0x0000003b848fd408 mode 0
Event: 1.224 Thread 0x000002081dce4d10 DEOPT PACKING pc=0x0000020808126b4c sp=0x0000003b848fdfc0
Event: 1.224 Thread 0x000002081dce4d10 DEOPT UNPACKING pc=0x0000020807a72b43 sp=0x0000003b848fd4b0 mode 0
Event: 1.224 Thread 0x000002081dce4d10 DEOPT PACKING pc=0x00000208081aeff4 sp=0x0000003b848fe160
Event: 1.224 Thread 0x000002081dce4d10 DEOPT UNPACKING pc=0x0000020807a72b43 sp=0x0000003b848fd6d0 mode 0
Event: 1.224 Thread 0x000002081dbeb100 Uncommon trap: trap_request=0xffffffde fr.pc=0x000002080f54e198 relative=0x00000000000005d8
Event: 1.224 Thread 0x000002081dbeb100 Uncommon trap: reason=class_check action=maybe_recompile pc=0x000002080f54e198 method=java.util.HashMap.getNode(Ljava/lang/Object;)Ljava/util/HashMap$Node; @ 63 c2
Event: 1.224 Thread 0x000002081dbeb100 DEOPT PACKING pc=0x000002080f54e198 sp=0x0000003b846fda40
Event: 1.225 Thread 0x000002081dbeb100 DEOPT UNPACKING pc=0x0000020807a723a3 sp=0x0000003b846fd9b8 mode 2

Classes unloaded (0 events):
No events

Classes redefined (0 events):
No events

Internal exceptions (20 events):
Event: 0.378 Thread 0x000002081d9bc480 Exception <a 'java/lang/NoSuchMethodError'{0x0000000088e96810}: 'void java.lang.invoke.DirectMethodHandle$Holder.invokeStatic(java.lang.Object, java.lang.Object)'> (0x0000000088e96810) 
thrown [c:\wsjdk\corretto17src\installers\windows\zip\corretto-build\buildroot\src\hotspot\share\interpreter\linkResolver.cpp, line 766]
Event: 0.804 Thread 0x000002087c68edf0 Exception <a 'java/lang/NoSuchMethodError'{0x00000000894929f0}: 'void java.lang.invoke.DirectMethodHandle$Holder.invokeStatic(java.lang.Object, java.lang.Object, java.lang.Object)'> (0x00000000894929f0) 
thrown [c:\wsjdk\corretto17src\installers\windows\zip\corretto-build\buildroot\src\hotspot\share\interpreter\linkResolver.cpp, line 766]
Event: 0.837 Thread 0x000002087c68edf0 Exception <a 'java/lang/NoSuchMethodError'{0x000000008932d3a8}: 'int java.lang.invoke.DirectMethodHandle$Holder.invokeStaticInit(java.lang.Object, java.lang.Object, java.lang.Object)'> (0x000000008932d3a8) 
thrown [c:\wsjdk\corretto17src\installers\windows\zip\corretto-build\buildroot\src\hotspot\share\interpreter\linkResolver.cpp, line 766]
Event: 0.872 Thread 0x000002087c68edf0 Exception <a 'java/lang/NoSuchMethodError'{0x00000000893ed848}: 'java.lang.Object java.lang.invoke.DirectMethodHandle$Holder.newInvokeSpecial(java.lang.Object, java.lang.Object, int, java.lang.Object)'> (0x00000000893ed848) 
thrown [c:\wsjdk\corretto17src\installers\windows\zip\corretto-build\buildroot\src\hotspot\share\interpreter\linkResolver.cpp, line 766]
Event: 0.873 Thread 0x000002087c68edf0 Exception <a 'java/lang/NoSuchMethodError'{0x00000000893f1c28}: 'java.lang.Object java.lang.invoke.DirectMethodHandle$Holder.invokeSpecial(java.lang.Object, java.lang.Object, java.lang.Object, int, java.lang.Object)'> (0x00000000893f1c28) 
thrown [c:\wsjdk\corretto17src\installers\windows\zip\corretto-build\buildroot\src\hotspot\share\interpreter\linkResolver.cpp, line 766]
Event: 0.903 Thread 0x000002081dbeb100 Exception <a 'java/lang/NoSuchMethodError'{0x00000000892e0ba0}: 'void java.lang.invoke.DirectMethodHandle$Holder.invokeStaticInit(java.lang.Object)'> (0x00000000892e0ba0) 
thrown [c:\wsjdk\corretto17src\installers\windows\zip\corretto-build\buildroot\src\hotspot\share\interpreter\linkResolver.cpp, line 766]
Event: 0.907 Thread 0x000002087c68edf0 Exception <a 'java/lang/NoSuchMethodError'{0x0000000089101dd8}: 'java.lang.Object java.lang.invoke.DirectMethodHandle$Holder.newInvokeSpecial(java.lang.Object, java.lang.Object, java.lang.Object, java.lang.Object, java.lang.Object, java.lang.Object)'> (0x0000000089101dd8) 
thrown [c:\wsjdk\corretto17src\installers\windows\zip\corretto-build\buildroot\src\hotspot\share\interpreter\linkResolver.cpp, line 766]
Event: 0.943 Thread 0x000002087c68edf0 Exception <a 'java/lang/NoSuchMethodError'{0x00000000890a01d0}: 'java.lang.Object java.lang.invoke.DirectMethodHandle$Holder.newInvokeSpecial(java.lang.Object, java.lang.Object, java.lang.Object, java.lang.Object, java.lang.Object)'> (0x00000000890a01d0) 
thrown [c:\wsjdk\corretto17src\installers\windows\zip\corretto-build\buildroot\src\hotspot\share\interpreter\linkResolver.cpp, line 766]
Event: 0.946 Thread 0x000002081dce4d10 Exception <a 'java/lang/NoSuchMethodError'{0x00000000890c5230}: 'void java.lang.invoke.DirectMethodHandle$Holder.invokeStatic(java.lang.Object, java.lang.Object, java.lang.Object, java.lang.Object)'> (0x00000000890c5230) 
thrown [c:\wsjdk\corretto17src\installers\windows\zip\corretto-build\buildroot\src\hotspot\share\interpreter\linkResolver.cpp, line 766]
Event: 0.951 Thread 0x000002081dce4d10 Exception <a 'java/lang/ClassNotFoundException'{0x00000000890d1f20}: sun/awt/resources/spi/awtProvider> (0x00000000890d1f20) 
thrown [c:\wsjdk\corretto17src\installers\windows\zip\corretto-build\buildroot\src\hotspot\share\classfile\systemDictionary.cpp, line 256]
Event: 0.960 Thread 0x000002081dce4d10 Exception <a 'java/io/FileNotFoundException'{0x00000000890e3368}> (0x00000000890e3368) 
thrown [c:\wsjdk\corretto17src\installers\windows\zip\corretto-build\buildroot\src\hotspot\share\prims\jni.cpp, line 516]
Event: 0.961 Thread 0x000002081dce4d10 Exception <a 'java/io/FileNotFoundException'{0x00000000890e4b38}> (0x00000000890e4b38) 
thrown [c:\wsjdk\corretto17src\installers\windows\zip\corretto-build\buildroot\src\hotspot\share\prims\jni.cpp, line 516]
Event: 0.992 Thread 0x000002081dce4d10 Exception <a 'sun/nio/fs/WindowsException'{0x0000000088f76be8}> (0x0000000088f76be8) 
thrown [c:\wsjdk\corretto17src\installers\windows\zip\corretto-build\buildroot\src\hotspot\share\prims\jni.cpp, line 516]
Event: 1.055 Thread 0x000002081dce4d10 Exception <a 'sun/nio/fs/WindowsException'{0x0000000088ed8bd0}> (0x0000000088ed8bd0) 
thrown [c:\wsjdk\corretto17src\installers\windows\zip\corretto-build\buildroot\src\hotspot\share\prims\jni.cpp, line 516]
Event: 1.163 Thread 0x000002081dce4d10 Exception <a 'java/lang/NoSuchMethodError'{0x0000000088804d68}: 'java.lang.Object java.lang.invoke.DirectMethodHandle$Holder.invokeStaticInit(java.lang.Object, java.lang.Object, java.lang.Object, java.lang.Object)'> (0x0000000088804d68) 
thrown [c:\wsjdk\corretto17src\installers\windows\zip\corretto-build\buildroot\src\hotspot\share\interpreter\linkResolver.cpp, line 766]
Event: 1.165 Thread 0x000002081dce4d10 Exception <a 'java/lang/NullPointerException'{0x00000000888107a8}> (0x00000000888107a8) 
thrown [c:\wsjdk\corretto17src\installers\windows\zip\corretto-build\buildroot\src\hotspot\share\interpreter\linkResolver.cpp, line 1357]
Event: 1.169 Thread 0x000002081dce4d10 Exception <a 'java/lang/NoSuchMethodError'{0x000000008882ddb8}: 'void java.lang.invoke.DirectMethodHandle$Holder.invokeStaticInit(java.lang.Object, java.lang.Object)'> (0x000000008882ddb8) 
thrown [c:\wsjdk\corretto17src\installers\windows\zip\corretto-build\buildroot\src\hotspot\share\interpreter\linkResolver.cpp, line 766]
Event: 1.175 Thread 0x000002081dbeb100 Exception <a 'java/lang/ClassNotFoundException'{0x000000008888c348}: com/sun/glass/ui/win/themes> (0x000000008888c348) 
thrown [c:\wsjdk\corretto17src\installers\windows\zip\corretto-build\buildroot\src\hotspot\share\prims\jni.cpp, line 535]
Event: 1.176 Thread 0x000002081dbeb100 Exception <a 'java/lang/ClassNotFoundException'{0x0000000088894360}: com/sun/glass/ui/win/themes_ru> (0x0000000088894360) 
thrown [c:\wsjdk\corretto17src\installers\windows\zip\corretto-build\buildroot\src\hotspot\share\prims\jni.cpp, line 535]
Event: 1.176 Thread 0x000002081dbeb100 Exception <a 'java/lang/ClassNotFoundException'{0x0000000088894f40}: com/sun/glass/ui/win/themes_ru_RU> (0x0000000088894f40) 
thrown [c:\wsjdk\corretto17src\installers\windows\zip\corretto-build\buildroot\src\hotspot\share\prims\jni.cpp, line 535]

VM Operations (16 events):
Event: 0.212 Executing VM operation: HandshakeAllThreads
Event: 0.212 Executing VM operation: HandshakeAllThreads done
Event: 0.214 Executing VM operation: HandshakeAllThreads
Event: 0.214 Executing VM operation: HandshakeAllThreads done
Event: 0.325 Executing VM operation: HandshakeAllThreads
Event: 0.325 Executing VM operation: HandshakeAllThreads done
Event: 0.370 Executing VM operation: HandshakeAllThreads
Event: 0.370 Executing VM operation: HandshakeAllThreads done
Event: 0.566 Executing VM operation: G1CollectForAllocation
Event: 0.573 Executing VM operation: G1CollectForAllocation done
Event: 0.854 Executing VM operation: HandshakeAllThreads
Event: 0.854 Executing VM operation: HandshakeAllThreads done
Event: 1.218 Executing VM operation: G1CollectForAllocation
Event: 1.224 Executing VM operation: G1CollectForAllocation done
Event: 1.224 Executing VM operation: HandshakeAllThreads
Event: 1.224 Executing VM operation: HandshakeAllThreads done

Events (20 events):
Event: 1.205 loading class java/io/FilenameFilter done
Event: 1.207 loading class java/util/BitSet
Event: 1.207 loading class java/util/BitSet done
Event: 1.210 Loaded shared library C:\Users\aagureeva\.openjfx\cache\17.0.2-ea\javafx_font.dll
Event: 1.211 loading class java/lang/invoke/MethodHandle$1
Event: 1.211 loading class java/lang/invoke/MethodHandle$1 done
Event: 1.218 loading class sun/net/www/protocol/jar/JarURLConnection
Event: 1.218 loading class java/net/JarURLConnection
Event: 1.218 loading class java/net/JarURLConnection done
Event: 1.218 loading class sun/net/www/protocol/jar/JarURLConnection done
Event: 1.218 loading class sun/net/www/protocol/jar/JarFileFactory
Event: 1.218 loading class sun/net/www/protocol/jar/URLJarFile$URLJarFileCloseController
Event: 1.218 loading class sun/net/www/protocol/jar/URLJarFile$URLJarFileCloseController done
Event: 1.218 loading class sun/net/www/protocol/jar/JarFileFactory done
Event: 1.218 loading class sun/net/www/protocol/jar/URLJarFile
Event: 1.218 loading class sun/net/www/protocol/jar/URLJarFile done
Event: 1.225 loading class sun/net/www/protocol/jar/URLJarFile$URLJarFileEntry
Event: 1.225 loading class sun/net/www/protocol/jar/URLJarFile$URLJarFileEntry done
Event: 1.225 loading class sun/net/www/protocol/jar/JarURLConnection$JarURLInputStream
Event: 1.225 loading class sun/net/www/protocol/jar/JarURLConnection$JarURLInputStream done


Dynamic libraries:
0x00007ff7792e0000 - 0x00007ff7792ed000 	C:\Users\aagureeva\.jdks\corretto-17.0.3\bin\java.exe
0x00007ffdd7fe0000 - 0x00007ffdd81c1000 	C:\WINDOWS\SYSTEM32\ntdll.dll
0x00007ffdd58e0000 - 0x00007ffdd5991000 	C:\WINDOWS\System32\KERNEL32.DLL
0x00007ffdd4470000 - 0x00007ffdd46e3000 	C:\WINDOWS\System32\KERNELBASE.dll
0x00007ffdd21b0000 - 0x00007ffdd223b000 	C:\WINDOWS\SYSTEM32\apphelp.dll
0x00007ffdd4710000 - 0x00007ffdd4808000 	C:\WINDOWS\System32\ucrtbase.dll
0x00007ffdc6b40000 - 0x00007ffdc6b55000 	C:\Users\aagureeva\.jdks\corretto-17.0.3\bin\VCRUNTIME140.dll
0x00007ffdc62b0000 - 0x00007ffdc62c8000 	C:\Users\aagureeva\.jdks\corretto-17.0.3\bin\jli.dll
0x00007ffdd5ee0000 - 0x00007ffdd6070000 	C:\WINDOWS\System32\USER32.dll
0x00007ffdd46f0000 - 0x00007ffdd4710000 	C:\WINDOWS\System32\win32u.dll
0x00007ffdbd640000 - 0x00007ffdbd8a9000 	C:\WINDOWS\WinSxS\amd64_microsoft.windows.common-controls_6595b64144ccf1df_6.0.17134.1304_none_d3fbe61b7c93d9f0\COMCTL32.dll
0x00007ffdd5dd0000 - 0x00007ffdd5e6e000 	C:\WINDOWS\System32\msvcrt.dll
0x00007ffdd7ae0000 - 0x00007ffdd7b08000 	C:\WINDOWS\System32\GDI32.dll
0x00007ffdd5430000 - 0x00007ffdd5751000 	C:\WINDOWS\System32\combase.dll
0x00007ffdd7b10000 - 0x00007ffdd7c34000 	C:\WINDOWS\System32\RPCRT4.dll
0x00007ffdd4810000 - 0x00007ffdd49a1000 	C:\WINDOWS\System32\gdi32full.dll
0x00007ffdd49b0000 - 0x00007ffdd4a29000 	C:\WINDOWS\System32\bcryptPrimitives.dll
0x00007ffdd43d0000 - 0x00007ffdd446f000 	C:\WINDOWS\System32\msvcp_win.dll
0x00007ffdd5800000 - 0x00007ffdd582d000 	C:\WINDOWS\System32\IMM32.DLL
0x00007ffdb0710000 - 0x00007ffdb07ab000 	C:\Users\aagureeva\.jdks\corretto-17.0.3\bin\msvcp140.dll
0x00007ffd8eb30000 - 0x00007ffd8f74b000 	C:\Users\aagureeva\.jdks\corretto-17.0.3\bin\server\jvm.dll
0x00007ffdd7ed0000 - 0x00007ffdd7f71000 	C:\WINDOWS\System32\ADVAPI32.dll
0x00007ffdd6070000 - 0x00007ffdd60cb000 	C:\WINDOWS\System32\sechost.dll
0x00007ffdd5bb0000 - 0x00007ffdd5bb8000 	C:\WINDOWS\System32\PSAPI.DLL
0x00007ffdc53e0000 - 0x00007ffdc53e9000 	C:\WINDOWS\SYSTEM32\WSOCK32.dll
0x00007ffdd5e70000 - 0x00007ffdd5edc000 	C:\WINDOWS\System32\WS2_32.dll
0x00007ffdd23d0000 - 0x00007ffdd23f3000 	C:\WINDOWS\SYSTEM32\WINMM.dll
0x00007ffdd3480000 - 0x00007ffdd348a000 	C:\WINDOWS\SYSTEM32\VERSION.dll
0x00007ffdd23a0000 - 0x00007ffdd23ca000 	C:\WINDOWS\SYSTEM32\winmmbase.dll
0x00007ffdd4a30000 - 0x00007ffdd4a79000 	C:\WINDOWS\System32\cfgmgr32.dll
0x00007ffdd4330000 - 0x00007ffdd4341000 	C:\WINDOWS\System32\kernel.appcore.dll
0x00007ffdce000000 - 0x00007ffdce00a000 	C:\Users\aagureeva\.jdks\corretto-17.0.3\bin\jimage.dll
0x00007ffdbe9f0000 - 0x00007ffdbebb9000 	C:\WINDOWS\SYSTEM32\DBGHELP.DLL
0x00007ffdbe910000 - 0x00007ffdbe939000 	C:\WINDOWS\SYSTEM32\dbgcore.DLL
0x00007ffdca180000 - 0x00007ffdca18e000 	C:\Users\aagureeva\.jdks\corretto-17.0.3\bin\instrument.dll
0x00007ffdc57f0000 - 0x00007ffdc5815000 	C:\Users\aagureeva\.jdks\corretto-17.0.3\bin\java.dll
0x00007ffdb0630000 - 0x00007ffdb0706000 	C:\Users\aagureeva\.jdks\corretto-17.0.3\bin\jsvml.dll
0x00007ffdd6240000 - 0x00007ffdd7685000 	C:\WINDOWS\System32\SHELL32.dll
0x00007ffdd5830000 - 0x00007ffdd58d9000 	C:\WINDOWS\System32\shcore.dll
0x00007ffdd4b30000 - 0x00007ffdd5240000 	C:\WINDOWS\System32\windows.storage.dll
0x00007ffdd5af0000 - 0x00007ffdd5b41000 	C:\WINDOWS\System32\shlwapi.dll
0x00007ffdd42b0000 - 0x00007ffdd42cf000 	C:\WINDOWS\System32\profapi.dll
0x00007ffdd42d0000 - 0x00007ffdd431c000 	C:\WINDOWS\System32\powrprof.dll
0x00007ffdd4320000 - 0x00007ffdd432a000 	C:\WINDOWS\System32\FLTLIB.DLL
0x00007ffdc5d10000 - 0x00007ffdc5d29000 	C:\Users\aagureeva\.jdks\corretto-17.0.3\bin\net.dll
0x00007ffdcc640000 - 0x00007ffdcc71d000 	C:\WINDOWS\SYSTEM32\WINHTTP.dll
0x00007ffdd3b30000 - 0x00007ffdd3b96000 	C:\WINDOWS\system32\mswsock.dll
0x00007ffdc50d0000 - 0x00007ffdc50e5000 	C:\Users\aagureeva\.jdks\corretto-17.0.3\bin\nio.dll
0x00007ffdc4de0000 - 0x00007ffdc4df8000 	C:\Users\aagureeva\.jdks\corretto-17.0.3\bin\zip.dll
0x00007ffdc4710000 - 0x00007ffdc472a000 	C:\Users\aagureeva\AppData\Local\JetBrains\Toolbox\apps\IDEA-C\ch-0\231.8770.65\bin\breakgen64.dll
0x000002081ca80000 - 0x000002081ca83000 	C:\Users\aagureeva\.openjfx\cache\17.0.2-ea\api-ms-win-core-console-l1-1-0.dll
0x000002081ca90000 - 0x000002081ca93000 	C:\Users\aagureeva\.openjfx\cache\17.0.2-ea\api-ms-win-core-console-l1-2-0.dll
0x000002081caa0000 - 0x000002081caa3000 	C:\Users\aagureeva\.openjfx\cache\17.0.2-ea\api-ms-win-core-datetime-l1-1-0.dll
0x000002081cab0000 - 0x000002081cab3000 	C:\Users\aagureeva\.openjfx\cache\17.0.2-ea\api-ms-win-core-debug-l1-1-0.dll
0x000002081cac0000 - 0x000002081cac3000 	C:\Users\aagureeva\.openjfx\cache\17.0.2-ea\api-ms-win-core-errorhandling-l1-1-0.dll
0x000002081cad0000 - 0x000002081cad4000 	C:\Users\aagureeva\.openjfx\cache\17.0.2-ea\api-ms-win-core-file-l1-1-0.dll
0x000002081cae0000 - 0x000002081cae3000 	C:\Users\aagureeva\.openjfx\cache\17.0.2-ea\api-ms-win-core-file-l1-2-0.dll
0x000002081caf0000 - 0x000002081caf3000 	C:\Users\aagureeva\.openjfx\cache\17.0.2-ea\api-ms-win-core-file-l2-1-0.dll
0x000002081cb00000 - 0x000002081cb03000 	C:\Users\aagureeva\.openjfx\cache\17.0.2-ea\api-ms-win-core-handle-l1-1-0.dll
0x000002081cb10000 - 0x000002081cb13000 	C:\Users\aagureeva\.openjfx\cache\17.0.2-ea\api-ms-win-core-heap-l1-1-0.dll
0x000002081cb20000 - 0x000002081cb23000 	C:\Users\aagureeva\.openjfx\cache\17.0.2-ea\api-ms-win-core-interlocked-l1-1-0.dll
0x000002081cb30000 - 0x000002081cb33000 	C:\Users\aagureeva\.openjfx\cache\17.0.2-ea\api-ms-win-core-libraryloader-l1-1-0.dll
0x000002081cb40000 - 0x000002081cb43000 	C:\Users\aagureeva\.openjfx\cache\17.0.2-ea\api-ms-win-core-localization-l1-2-0.dll
0x000002081cb50000 - 0x000002081cb53000 	C:\Users\aagureeva\.openjfx\cache\17.0.2-ea\api-ms-win-core-memory-l1-1-0.dll
0x000002081cb60000 - 0x000002081cb63000 	C:\Users\aagureeva\.openjfx\cache\17.0.2-ea\api-ms-win-core-namedpipe-l1-1-0.dll
0x000002081cb70000 - 0x000002081cb73000 	C:\Users\aagureeva\.openjfx\cache\17.0.2-ea\api-ms-win-core-processenvironment-l1-1-0.dll
0x000002081cb80000 - 0x000002081cb83000 	C:\Users\aagureeva\.openjfx\cache\17.0.2-ea\api-ms-win-core-processthreads-l1-1-0.dll
0x000002081cb90000 - 0x000002081cb93000 	C:\Users\aagureeva\.openjfx\cache\17.0.2-ea\api-ms-win-core-processthreads-l1-1-1.dll
0x000002081cba0000 - 0x000002081cba3000 	C:\Users\aagureeva\.openjfx\cache\17.0.2-ea\api-ms-win-core-profile-l1-1-0.dll
0x000002081cbb0000 - 0x000002081cbb3000 	C:\Users\aagureeva\.openjfx\cache\17.0.2-ea\api-ms-win-core-rtlsupport-l1-1-0.dll
0x000002081cbc0000 - 0x000002081cbc3000 	C:\Users\aagureeva\.openjfx\cache\17.0.2-ea\api-ms-win-core-string-l1-1-0.dll
0x000002081cbd0000 - 0x000002081cbd3000 	C:\Users\aagureeva\.openjfx\cache\17.0.2-ea\api-ms-win-core-synch-l1-1-0.dll
0x000002081cbe0000 - 0x000002081cbe3000 	C:\Users\aagureeva\.openjfx\cache\17.0.2-ea\api-ms-win-core-synch-l1-2-0.dll
0x000002081cbf0000 - 0x000002081cbf3000 	C:\Users\aagureeva\.openjfx\cache\17.0.2-ea\api-ms-win-core-sysinfo-l1-1-0.dll
0x000002081e000000 - 0x000002081e003000 	C:\Users\aagureeva\.openjfx\cache\17.0.2-ea\api-ms-win-core-timezone-l1-1-0.dll
0x000002081e010000 - 0x000002081e013000 	C:\Users\aagureeva\.openjfx\cache\17.0.2-ea\api-ms-win-core-util-l1-1-0.dll
0x000002081e020000 - 0x000002081e023000 	C:\Users\aagureeva\.openjfx\cache\17.0.2-ea\api-ms-win-crt-conio-l1-1-0.dll
0x000002081e030000 - 0x000002081e034000 	C:\Users\aagureeva\.openjfx\cache\17.0.2-ea\api-ms-win-crt-convert-l1-1-0.dll
0x000002081e040000 - 0x000002081e043000 	C:\Users\aagureeva\.openjfx\cache\17.0.2-ea\api-ms-win-crt-environment-l1-1-0.dll
0x000002081e050000 - 0x000002081e053000 	C:\Users\aagureeva\.openjfx\cache\17.0.2-ea\api-ms-win-crt-filesystem-l1-1-0.dll
0x000002081e060000 - 0x000002081e063000 	C:\Users\aagureeva\.openjfx\cache\17.0.2-ea\api-ms-win-crt-heap-l1-1-0.dll
0x000002081e070000 - 0x000002081e073000 	C:\Users\aagureeva\.openjfx\cache\17.0.2-ea\api-ms-win-crt-locale-l1-1-0.dll
0x000002081e080000 - 0x000002081e085000 	C:\Users\aagureeva\.openjfx\cache\17.0.2-ea\api-ms-win-crt-math-l1-1-0.dll
0x000002081e090000 - 0x000002081e095000 	C:\Users\aagureeva\.openjfx\cache\17.0.2-ea\api-ms-win-crt-multibyte-l1-1-0.dll
0x000002081e0a0000 - 0x000002081e0b0000 	C:\Users\aagureeva\.openjfx\cache\17.0.2-ea\api-ms-win-crt-private-l1-1-0.dll
0x000002081e0b0000 - 0x000002081e0b3000 	C:\Users\aagureeva\.openjfx\cache\17.0.2-ea\api-ms-win-crt-process-l1-1-0.dll
0x000002081e0c0000 - 0x000002081e0c4000 	C:\Users\aagureeva\.openjfx\cache\17.0.2-ea\api-ms-win-crt-runtime-l1-1-0.dll
0x000002081e0d0000 - 0x000002081e0d4000 	C:\Users\aagureeva\.openjfx\cache\17.0.2-ea\api-ms-win-crt-stdio-l1-1-0.dll
0x000002081e0e0000 - 0x000002081e0e4000 	C:\Users\aagureeva\.openjfx\cache\17.0.2-ea\api-ms-win-crt-string-l1-1-0.dll
0x000002081e0f0000 - 0x000002081e0f3000 	C:\Users\aagureeva\.openjfx\cache\17.0.2-ea\api-ms-win-crt-time-l1-1-0.dll
0x000002081e100000 - 0x000002081e103000 	C:\Users\aagureeva\.openjfx\cache\17.0.2-ea\api-ms-win-crt-utility-l1-1-0.dll
0x00007ffdac020000 - 0x00007ffdac11c000 	C:\Users\aagureeva\.openjfx\cache\17.0.2-ea\ucrtbase.dll
0x00007ffdc3d40000 - 0x00007ffdc3d5a000 	C:\Users\aagureeva\.openjfx\cache\17.0.2-ea\vcruntime140.dll
0x00007ffdca150000 - 0x00007ffdca15c000 	C:\Users\aagureeva\.openjfx\cache\17.0.2-ea\vcruntime140_1.dll
0x00007ffdb0420000 - 0x00007ffdb04ad000 	C:\Users\aagureeva\.openjfx\cache\17.0.2-ea\msvcp140.dll
0x00007ffdbae70000 - 0x00007ffdbae9a000 	C:\Users\aagureeva\.openjfx\cache\17.0.2-ea\prism_d3d.dll
0x00007ffdb1710000 - 0x00007ffdb18a7000 	C:\WINDOWS\system32\d3d9.dll
0x00007ffdd2840000 - 0x00007ffdd2869000 	C:\WINDOWS\SYSTEM32\dwmapi.dll
0x00007ffdd25e0000 - 0x00007ffdd2678000 	C:\WINDOWS\system32\uxtheme.dll
0x00007ffdbf260000 - 0x00007ffdbf272000 	C:\Users\aagureeva\.openjfx\cache\17.0.2-ea\prism_sw.dll
0x00007ffdb9100000 - 0x00007ffdb9142000 	C:\Users\aagureeva\.openjfx\cache\17.0.2-ea\glass.dll
0x00007ffdd7de0000 - 0x00007ffdd7ecd000 	C:\WINDOWS\System32\COMDLG32.dll
0x00007ffdd60d0000 - 0x00007ffdd6221000 	C:\WINDOWS\System32\ole32.dll
0x00007ffdd59a0000 - 0x00007ffdd5a62000 	C:\WINDOWS\System32\OLEAUT32.dll
0x00007ffdd5be0000 - 0x00007ffdd5d54000 	C:\WINDOWS\System32\MSCTF.dll
0x00007ffdaba20000 - 0x00007ffdabbc7000 	C:\Users\aagureeva\.jdks\corretto-17.0.3\bin\awt.dll
0x00007ffdbaaf0000 - 0x00007ffdbac10000 	C:\WINDOWS\system32\opengl32.dll
0x00007ffdc0c40000 - 0x00007ffdc0c6c000 	C:\WINDOWS\SYSTEM32\GLU32.dll
0x00007ffdbcf00000 - 0x00007ffdbcf14000 	C:\Users\aagureeva\.openjfx\cache\17.0.2-ea\javafx_font.dll

dbghelp: loaded successfully - version: 4.0.5 - missing functions: none
symbol engine: initialized successfully - sym options: 0x614 - pdb path: .;C:\Users\aagureeva\.jdks\corretto-17.0.3\bin;C:\WINDOWS\SYSTEM32;C:\WINDOWS\WinSxS\amd64_microsoft.windows.common-controls_6595b64144ccf1df_6.0.17134.1304_none_d3fbe61b7c93d9f0;C:\Users\aagureeva\.jdks\corretto-17.0.3\bin\server;C:\Users\aagureeva\AppData\Local\JetBrains\Toolbox\apps\IDEA-C\ch-0\231.8770.65\bin;C:\Users\aagureeva\.openjfx\cache\17.0.2-ea

VM Arguments:
jvm_args: -javaagent:C:\Users\aagureeva\AppData\Local\JetBrains\Toolbox\apps\IDEA-C\ch-0\231.8770.65\lib\idea_rt.jar=57252:C:\Users\aagureeva\AppData\Local\JetBrains\Toolbox\apps\IDEA-C\ch-0\231.8770.65\bin -Dfile.encoding=UTF-8 --module-path=C:\Users\aagureeva\.m2\repository\com\gluonhq\attach\storage\4.0.9\storage-4.0.9.jar;C:\Users\aagureeva\.m2\repository\org\controlsfx\controlsfx\11.1.2\controlsfx-11.1.2.jar;C:\Users\aagureeva\.m2\repository\org\openjfx\javafx-base\17.0.2\javafx-base-17.0.2-win.jar;C:\Users\aagureeva\.m2\repository\com\fasterxml\jackson\core\jackson-annotations\2.12.1\jackson-annotations-2.12.1.jar;C:\Users\aagureeva\.m2\repository\com\fasterxml\jackson\core\jackson-databind\2.12.1\jackson-databind-2.12.1.jar;C:\Users\aagureeva\.m2\repository\org\jetbrains\kotlin\kotlin-stdlib\1.5.10\kotlin-stdlib-1.5.10-modular.jar;C:\Users\aagureeva\.m2\repository\org\openjfx\javafx-graphics\17.0.2\javafx-graphics-17.0.2-win.jar;C:\Users\aagureeva\.m2\repository\org\kordamp\ikonli\ikonli-javafx\12.3.1\ikonli-javafx-12.3.1.jar;C:\Users\aagureeva\.m2\repository\org\openjfx\javafx-fxml\17.0.2\javafx-fxml-17.0.2-win.jar;C:\Users\aagureeva\.m2\repository\com\github\almasb\fxgl-scene\11.17\fxgl-scene-11.17.jar;C:\Users\aagureeva\.m2\repository\com\github\almasb\fxgl-core\11.17\fxgl-core-11.17.jar;C:\Users\aagureeva\.m2\repository\com\github\almasb\fxgl-gameplay\11.17\fxgl-gameplay-11.17.jar;C:\Users\aagureeva\.m2\repository\com\gluonhq\attach\lifecycle\4.0.9\lifecycle-4.0.9.jar;C:\Users\aagureeva\.m2\repository\com\dlsc\formsfx\formsfx-core\11.5.0\formsfx-core-11.5.0.jar;C:\Users\aagureeva\.m2\repository\org\kordamp\ikonli\ikonli-core\12.3.1\ikonli-core-12.3.1.jar;C:\Users\aagureeva\.m2\repository\com\github\almasb\fxgl-io\11.17\fxgl-io-11.17.jar;C:\Users\aagureeva\.m2\repository\com\gluonhq\attach\util\4.0.9\util-4.0.9.jar;C:\Users\aagureeva\.m2\repository\org\openjfx\javafx-controls\17.0.2\javafx-controls-17.0.2-win.jar;C:\Users\aagureeva\.m2\repository\com\github\almasb\fxgl-entity\11.17\fxgl-entity-11.17.jar;C:\Users\aagureeva\.m2\repository\org\openjfx\javafx-media\17.0.2\javafx-media-17.0.2-win.jar;C:\Users\aagureeva\.m2\repository\com\gluonhq\attach\audio\4.0.9\audio-4.0.9.jar;C:\U-Djdk.module.main=com.example.cardencalendar 
java_command: com.example.cardencalendar/com.example.cardencalendar.StartApplication
java_class_path (initial): C:\Users\aagureeva\.m2\repository\org\openjfx\javafx-controls\17.0.2\javafx-controls-17.0.2.jar;C:\Users\aagureeva\.m2\repository\org\openjfx\javafx-graphics\17.0.2\javafx-graphics-17.0.2.jar;C:\Users\aagureeva\.m2\repository\org\openjfx\javafx-base\17.0.2\javafx-base-17.0.2.jar;C:\Users\aagureeva\.m2\repository\org\openjfx\javafx-fxml\17.0.2\javafx-fxml-17.0.2.jar;C:\Users\aagureeva\.m2\repository\org\openjfx\javafx-media\17.0.2\javafx-media-17.0.2.jar;C:\Users\aagureeva\.m2\repository\org\jetbrains\annotations\13.0\annotations-13.0.jar;C:\Users\aagureeva\.m2\repository\org\jetbrains\kotlin\kotlin-stdlib-common\1.5.10\kotlin-stdlib-common-1.5.10.jar;C:\Users\aagureeva\.m2\repository\net\sourceforge\javydreamercsw\Dimension-Extension\1.0\Dimension-Extension-1.0.jar;C:\Users\aagureeva\.m2\repository\org\codeartisans\thirdparties\swing\org-openide-util-lookup\8.3.1\org-openide-util-lookup-8.3.1.jar
Launcher Type: SUN_STANDARD

[Global flags]
     intx CICompilerCount                          = 3                                         {product} {ergonomic}
     uint ConcGCThreads                            = 1                                         {product} {ergonomic}
     uint G1ConcRefinementThreads                  = 4                                         {product} {ergonomic}
   size_t G1HeapRegionSize                         = 1048576                                   {product} {ergonomic}
    uintx GCDrainStackTargetSize                   = 64                                        {product} {ergonomic}
   size_t InitialHeapSize                          = 134217728                                 {product} {ergonomic}
   size_t MarkStackSize                            = 4194304                                   {product} {ergonomic}
   size_t MaxHeapSize                              = 2122317824                                {product} {ergonomic}
   size_t MaxNewSize                               = 1272971264                                {product} {ergonomic}
   size_t MinHeapDeltaBytes                        = 1048576                                   {product} {ergonomic}
   size_t MinHeapSize                              = 8388608                                   {product} {ergonomic}
    uintx NonNMethodCodeHeapSize                   = 5832780                                {pd product} {ergonomic}
    uintx NonProfiledCodeHeapSize                  = 122912730                              {pd product} {ergonomic}
    uintx ProfiledCodeHeapSize                     = 122912730                              {pd product} {ergonomic}
    uintx ReservedCodeCacheSize                    = 251658240                              {pd product} {ergonomic}
     bool SegmentedCodeCache                       = true                                      {product} {ergonomic}
   size_t SoftMaxHeapSize                          = 2122317824                             {manageable} {ergonomic}
     bool UseCompressedClassPointers               = true                           {product lp64_product} {ergonomic}
     bool UseCompressedOops                        = true                           {product lp64_product} {ergonomic}
     bool UseG1GC                                  = true                                      {product} {ergonomic}
     bool UseLargePagesIndividualAllocation        = false                                  {pd product} {ergonomic}

Logging:
Log output configuration:
 #0: stdout all=warning uptime,level,tags
 #1: stderr all=off uptime,level,tags

Environment Variables:
JAVA_HOME=C:\Users\aagureeva\.jdks\openjdk-20.0.1
PATH=C:\WINDOWS\system32;C:\WINDOWS;C:\WINDOWS\System32\Wbem;C:\WINDOWS\System32\WindowsPowerShell\v1.0\;C:\WINDOWS\System32\OpenSSH\;C:\Program Files\Git\cmd;C:\Program Files (x86)\HP\Common\HPDestPlgIn\;C:\Users\aagureeva\.jdks\openjdk-20.0.1\bin;C:\Users\aagureeva\AppData\Local\Microsoft\WindowsApps;C:\Users\aagureeva\AppData\Local\JetBrains\Toolbox\scripts;C:\Users\aagureeva\AppData\Local\Programs\Microsoft VS Code\bin
USERNAME=aagureeva
OS=Windows_NT
PROCESSOR_IDENTIFIER=Intel64 Family 6 Model 142 Stepping 9, GenuineIntel



---------------  S Y S T E M  ---------------

OS:
 Windows 10 , 64 bit Build 17134 (10.0.17134.753)
OS uptime: 35 days 7:34 hours

CPU: total 4 (initial active 4) (2 cores per cpu, 2 threads per core) family 6 model 142 stepping 9 microcode 0xc6, cx8, cmov, fxsr, ht, mmx, 3dnowpref, sse, sse2, sse3, ssse3, sse4.1, sse4.2, popcnt, lzcnt, tsc, tscinvbit, avx, avx2, aes, erms, clmul, bmi1, bmi2, adx, fma, vzeroupper, clflush, clflushopt

Memory: 4k page, system-wide physical 8089M (1694M free)
TotalPageFile size 8889M (AvailPageFile size 4M)
current process WorkingSet (physical memory assigned to process): 82M, peak: 82M
current process commit charge ("private bytes"): 223M, peak: 228M

vm_info: OpenJDK 64-Bit Server VM (17.0.3+6-LTS) for windows-amd64 JRE (17.0.3+6-LTS), built on Apr 15 2022 22:16:02 by "Administrator" with MS VC++ 15.9 (VS2017)

END.
